23/11/11 16:07:52 ** --- MESSAGE BEGIN ---
23/11/11 16:07:52 ** To: danima5689dm@gmail.com
23/11/11 16:07:52 ** Subject: Simple Email Testing via PHP
23/11/11 16:07:52 ** From: sender\'s email
23/11/11 16:07:52 ** 
23/11/11 16:07:52 ** Hello,nn It is a testing email sent by PHP Script
23/11/11 16:07:52 ** --- MESSAGE END ---
23/11/11 16:07:52 ** Connecting to smtp.gmail.com:587
23/11/11 16:07:53 ** Connected.
23/11/11 16:07:53 << 220 smtp.gmail.com ESMTP x14-20020a17090a6b4e00b00262eb0d141esm900000pjl.28 - gsmtp<EOL>
23/11/11 16:07:53 >> EHLO LAPTOP-62ECG3K6<EOL>
23/11/11 16:07:53 << 250-smtp.gmail.com at your service, [27.131.1.8]<EOL>250-SIZE 35882577<EOL>250-8BITMIME<EOL>250-STARTTLS<EOL>250-ENHANCEDSTATUSCODES<EOL>250-PIPELINING<EOL>250-CHUNKING<EOL>250 SMTPUTF8<EOL>
23/11/11 16:07:53 ** Authenticating as danima5689dm@gmail.com
23/11/11 16:07:53 >> STARTTLS<EOL>
23/11/11 16:07:53 << 220 2.0.0 Ready to start TLS<EOL>
23/11/11 16:07:53 >> EHLO LAPTOP-62ECG3K6<EOL>
23/11/11 16:07:53 << 250-smtp.gmail.com at your service, [27.131.1.8]<EOL>250-SIZE 35882577<EOL>250-8BITMIME<EOL>250-AUTH LOGIN PLAIN XOAUTH2 PLAIN-CLIENTTOKEN OAUTHBEARER XOAUTH<EOL>250-ENHANCEDSTATUSCODES<EOL>250-PIPELINING<EOL>250-CHUNKING<EOL>250 SMTPUTF8<EOL>
23/11/11 16:07:53 >> AUTH LOGIN<EOL>
23/11/11 16:07:54 << 334 VXNlcm5hbWU6<EOL>
23/11/11 16:07:54 >> ZGFuaW1hNTY4OWRtQGdtYWlsLmNvbQ==<EOL>
23/11/11 16:07:54 << 334 UGFzc3dvcmQ6<EOL>
23/11/11 16:07:54 >> dnZnZXZ5cnJodmhzcnFlcg==<EOL>
23/11/11 16:07:54 << 235 2.7.0 Accepted<EOL>
23/11/11 16:07:54 >> MAIL FROM: <danima5689dm@gmail.com><EOL>
23/11/11 16:07:55 << 250 2.1.0 OK x14-20020a17090a6b4e00b00262eb0d141esm900000pjl.28 - gsmtp<EOL>
23/11/11 16:07:55 >> RCPT TO: <danima5689dm@gmail.com><EOL>
23/11/11 16:07:55 << 250 2.1.5 OK x14-20020a17090a6b4e00b00262eb0d141esm900000pjl.28 - gsmtp<EOL>
23/11/11 16:07:55 >> DATA<EOL>
23/11/11 16:07:55 << 354  Go ahead x14-20020a17090a6b4e00b00262eb0d141esm900000pjl.28 - gsmtp<EOL>
23/11/11 16:07:55 >> Date: Sat, 11 Nov 2023 16:07:55 +0700<EOL>
23/11/11 16:07:55 >> To: danima5689dm@gmail.com<EOL>
23/11/11 16:07:55 >> Subject: Simple Email Testing via PHP<EOL>
23/11/11 16:07:55 >> From: sender\'s email<EOL>
23/11/11 16:07:55 >> <EOL>
23/11/11 16:07:55 >> Hello,nn It is a testing email sent by PHP Script<EOL>
23/11/11 16:07:55 >> .<EOL>
23/11/11 16:07:56 << 250 2.0.0 OK  1699693655 x14-20020a17090a6b4e00b00262eb0d141esm900000pjl.28 - gsmtp<EOL>
23/11/11 16:07:56 >> QUIT<EOL>
23/11/11 16:07:56 << 221 2.0.0 closing connection x14-20020a17090a6b4e00b00262eb0d141esm900000pjl.28 - gsmtp<EOL>
23/11/11 16:07:56 ** Disconnected.
23/11/11 16:07:56 ** Disconnected.
23/11/11 16:07:56 ** Disconnected.
23/11/11 16:09:39 ** --- MESSAGE BEGIN ---
23/11/11 16:09:39 ** To: danima5689dm@gmail.com
23/11/11 16:09:39 ** Subject: Simple Email Testing via PHP
23/11/11 16:09:39 ** From: sender\'s email
23/11/11 16:09:39 ** 
23/11/11 16:09:39 ** ok 
23/11/11 16:09:39 ** --- MESSAGE END ---
23/11/11 16:09:39 ** Connecting to smtp.gmail.com:587
23/11/11 16:09:39 ** Connected.
23/11/11 16:09:39 << 220 smtp.gmail.com ESMTP b5-20020a170903228500b001cc32f46757sm910001plh.107 - gsmtp<EOL>
23/11/11 16:09:39 >> EHLO LAPTOP-62ECG3K6<EOL>
23/11/11 16:09:40 << 250-smtp.gmail.com at your service, [27.131.1.8]<EOL>250-SIZE 35882577<EOL>250-8BITMIME<EOL>250-STARTTLS<EOL>250-ENHANCEDSTATUSCODES<EOL>250-PIPELINING<EOL>250-CHUNKING<EOL>250 SMTPUTF8<EOL>
23/11/11 16:09:40 ** Authenticating as danima5689dm@gmail.com
23/11/11 16:09:40 >> STARTTLS<EOL>
23/11/11 16:09:40 << 220 2.0.0 Ready to start TLS<EOL>
23/11/11 16:09:40 >> EHLO LAPTOP-62ECG3K6<EOL>
23/11/11 16:09:40 << 250-smtp.gmail.com at your service, [27.131.1.8]<EOL>250-SIZE 35882577<EOL>250-8BITMIME<EOL>250-AUTH LOGIN PLAIN XOAUTH2 PLAIN-CLIENTTOKEN OAUTHBEARER XOAUTH<EOL>250-ENHANCEDSTATUSCODES<EOL>250-PIPELINING<EOL>250-CHUNKING<EOL>250 SMTPUTF8<EOL>
23/11/11 16:09:40 >> AUTH LOGIN<EOL>
23/11/11 16:09:40 << 334 VXNlcm5hbWU6<EOL>
23/11/11 16:09:40 >> ZGFuaW1hNTY4OWRtQGdtYWlsLmNvbQ==<EOL>
23/11/11 16:09:41 << 334 UGFzc3dvcmQ6<EOL>
23/11/11 16:09:41 >> dnZnZXZ5cnJodmhzcnFlcg==<EOL>
23/11/11 16:09:41 << 235 2.7.0 Accepted<EOL>
23/11/11 16:09:41 >> MAIL FROM: <danima5689dm@gmail.com><EOL>
23/11/11 16:09:41 << 250 2.1.0 OK b5-20020a170903228500b001cc32f46757sm910001plh.107 - gsmtp<EOL>
23/11/11 16:09:41 >> RCPT TO: <danima5689dm@gmail.com><EOL>
23/11/11 16:09:41 << 250 2.1.5 OK b5-20020a170903228500b001cc32f46757sm910001plh.107 - gsmtp<EOL>
23/11/11 16:09:41 >> DATA<EOL>
23/11/11 16:09:42 << 354  Go ahead b5-20020a170903228500b001cc32f46757sm910001plh.107 - gsmtp<EOL>
23/11/11 16:09:42 >> Date: Sat, 11 Nov 2023 16:09:42 +0700<EOL>
23/11/11 16:09:42 >> To: danima5689dm@gmail.com<EOL>
23/11/11 16:09:42 >> Subject: Simple Email Testing via PHP<EOL>
23/11/11 16:09:42 >> From: sender\'s email<EOL>
23/11/11 16:09:42 >> <EOL>
23/11/11 16:09:42 >> ok <EOL>
23/11/11 16:09:42 >> .<EOL>
23/11/11 16:09:42 << 250 2.0.0 OK  1699693762 b5-20020a170903228500b001cc32f46757sm910001plh.107 - gsmtp<EOL>
23/11/11 16:09:42 >> QUIT<EOL>
23/11/11 16:09:43 << 221 2.0.0 closing connection b5-20020a170903228500b001cc32f46757sm910001plh.107 - gsmtp<EOL>
23/11/11 16:09:43 ** Disconnected.
23/11/11 16:09:43 ** Disconnected.
23/11/11 16:09:43 ** Disconnected.
23/11/11 16:32:34 ** --- MESSAGE BEGIN ---
23/11/11 16:32:34 ** To: danima5689dm@gmail.com
23/11/11 16:32:34 ** Subject: Simple Email Testing via PHP
23/11/11 16:32:34 ** From: sender\'s email
23/11/11 16:32:34 ** 
23/11/11 16:32:34 ** ok 
23/11/11 16:32:34 ** --- MESSAGE END ---
23/11/11 16:32:35 ** Connecting to smtp.gmail.com:587
23/11/11 16:32:35 ** Connected.
23/11/11 16:32:35 << 220 smtp.gmail.com ESMTP q20-20020a62e114000000b006c4d2479c1asm946288pfh.219 - gsmtp<EOL>
23/11/11 16:32:35 >> EHLO LAPTOP-62ECG3K6<EOL>
23/11/11 16:32:35 << 250-smtp.gmail.com at your service, [27.131.1.8]<EOL>250-SIZE 35882577<EOL>250-8BITMIME<EOL>250-STARTTLS<EOL>250-ENHANCEDSTATUSCODES<EOL>250-PIPELINING<EOL>250-CHUNKING<EOL>250 SMTPUTF8<EOL>
23/11/11 16:32:35 ** Authenticating as danima5689dm@gmail.com
23/11/11 16:32:35 >> STARTTLS<EOL>
23/11/11 16:32:35 << 220 2.0.0 Ready to start TLS<EOL>
23/11/11 16:32:35 >> EHLO LAPTOP-62ECG3K6<EOL>
23/11/11 16:32:36 << 250-smtp.gmail.com at your service, [27.131.1.8]<EOL>250-SIZE 35882577<EOL>250-8BITMIME<EOL>250-AUTH LOGIN PLAIN XOAUTH2 PLAIN-CLIENTTOKEN OAUTHBEARER XOAUTH<EOL>250-ENHANCEDSTATUSCODES<EOL>250-PIPELINING<EOL>250-CHUNKING<EOL>250 SMTPUTF8<EOL>
23/11/11 16:32:36 >> AUTH LOGIN<EOL>
23/11/11 16:32:36 << 334 VXNlcm5hbWU6<EOL>
23/11/11 16:32:36 >> ZGFuaW1hNTY4OWRtQGdtYWlsLmNvbQ==<EOL>
23/11/11 16:32:36 << 334 UGFzc3dvcmQ6<EOL>
23/11/11 16:32:36 >> dnZnZXZ5cnJodmhzcnFlcg==<EOL>
23/11/11 16:32:36 << 235 2.7.0 Accepted<EOL>
23/11/11 16:32:36 >> MAIL FROM: <danima5689dm@gmail.com><EOL>
23/11/11 16:32:37 << 250 2.1.0 OK q20-20020a62e114000000b006c4d2479c1asm946288pfh.219 - gsmtp<EOL>
23/11/11 16:32:37 >> RCPT TO: <danima5689dm@gmail.com><EOL>
23/11/11 16:32:37 << 250 2.1.5 OK q20-20020a62e114000000b006c4d2479c1asm946288pfh.219 - gsmtp<EOL>
23/11/11 16:32:37 >> DATA<EOL>
23/11/11 16:32:37 << 354  Go ahead q20-20020a62e114000000b006c4d2479c1asm946288pfh.219 - gsmtp<EOL>
23/11/11 16:32:37 >> Date: Sat, 11 Nov 2023 16:32:37 +0700<EOL>
23/11/11 16:32:37 >> To: danima5689dm@gmail.com<EOL>
23/11/11 16:32:37 >> Subject: Simple Email Testing via PHP<EOL>
23/11/11 16:32:37 >> From: sender\'s email<EOL>
23/11/11 16:32:37 >> <EOL>
23/11/11 16:32:37 >> ok <EOL>
23/11/11 16:32:37 >> .<EOL>
23/11/11 16:32:38 << 250 2.0.0 OK  1699695137 q20-20020a62e114000000b006c4d2479c1asm946288pfh.219 - gsmtp<EOL>
23/11/11 16:32:38 >> QUIT<EOL>
23/11/11 16:32:38 << 221 2.0.0 closing connection q20-20020a62e114000000b006c4d2479c1asm946288pfh.219 - gsmtp<EOL>
23/11/11 16:32:38 ** Disconnected.
23/11/11 16:32:38 ** Disconnected.
23/11/11 16:32:38 ** Disconnected.
23/11/11 16:38:42 ** --- MESSAGE BEGIN ---
23/11/11 16:38:42 ** To: danima5689dm@gmail.com
23/11/11 16:38:42 ** Subject: Simple Email Testing via PHP
23/11/11 16:38:42 ** From: sender\'s email
23/11/11 16:38:42 ** 
23/11/11 16:38:42 ** ok 
23/11/11 16:38:42 ** --- MESSAGE END ---
23/11/11 16:38:42 ** Connecting to smtp.gmail.com:587
23/11/11 16:38:42 ** Connected.
23/11/11 16:38:42 << 220 smtp.gmail.com ESMTP s13-20020a170902988d00b001cc8cf4ad14sm950566plp.142 - gsmtp<EOL>
23/11/11 16:38:42 >> EHLO LAPTOP-62ECG3K6<EOL>
23/11/11 16:38:43 << 250-smtp.gmail.com at your service, [27.131.1.8]<EOL>250-SIZE 35882577<EOL>250-8BITMIME<EOL>250-STARTTLS<EOL>250-ENHANCEDSTATUSCODES<EOL>250-PIPELINING<EOL>250-CHUNKING<EOL>250 SMTPUTF8<EOL>
23/11/11 16:38:43 ** Authenticating as danima5689dm@gmail.com
23/11/11 16:38:43 >> STARTTLS<EOL>
23/11/11 16:38:43 << 220 2.0.0 Ready to start TLS<EOL>
23/11/11 16:38:43 >> EHLO LAPTOP-62ECG3K6<EOL>
23/11/11 16:38:43 << 250-smtp.gmail.com at your service, [27.131.1.8]<EOL>250-SIZE 35882577<EOL>250-8BITMIME<EOL>250-AUTH LOGIN PLAIN XOAUTH2 PLAIN-CLIENTTOKEN OAUTHBEARER XOAUTH<EOL>250-ENHANCEDSTATUSCODES<EOL>250-PIPELINING<EOL>250-CHUNKING<EOL>250 SMTPUTF8<EOL>
23/11/11 16:38:43 >> AUTH LOGIN<EOL>
23/11/11 16:38:43 << 334 VXNlcm5hbWU6<EOL>
23/11/11 16:38:43 >> ZGFuaW1hNTY4OWRtQGdtYWlsLmNvbQ==<EOL>
23/11/11 16:38:43 << 334 UGFzc3dvcmQ6<EOL>
23/11/11 16:38:43 >> dnZnZXZ5cnJodmhzcnFlcg==<EOL>
23/11/11 16:38:44 << 235 2.7.0 Accepted<EOL>
23/11/11 16:38:44 >> MAIL FROM: <danima5689dm@gmail.com><EOL>
23/11/11 16:38:44 << 250 2.1.0 OK s13-20020a170902988d00b001cc8cf4ad14sm950566plp.142 - gsmtp<EOL>
23/11/11 16:38:44 >> RCPT TO: <danima5689dm@gmail.com><EOL>
23/11/11 16:38:44 << 250 2.1.5 OK s13-20020a170902988d00b001cc8cf4ad14sm950566plp.142 - gsmtp<EOL>
23/11/11 16:38:44 >> DATA<EOL>
23/11/11 16:38:45 << 354  Go ahead s13-20020a170902988d00b001cc8cf4ad14sm950566plp.142 - gsmtp<EOL>
23/11/11 16:38:45 >> Date: Sat, 11 Nov 2023 16:38:45 +0700<EOL>
23/11/11 16:38:45 >> To: danima5689dm@gmail.com<EOL>
23/11/11 16:38:45 >> Subject: Simple Email Testing via PHP<EOL>
23/11/11 16:38:45 >> From: sender\'s email<EOL>
23/11/11 16:38:45 >> <EOL>
23/11/11 16:38:45 >> ok <EOL>
23/11/11 16:38:45 >> .<EOL>
23/11/11 16:38:46 << 250 2.0.0 OK  1699695505 s13-20020a170902988d00b001cc8cf4ad14sm950566plp.142 - gsmtp<EOL>
23/11/11 16:38:46 >> QUIT<EOL>
23/11/11 16:38:46 << 221 2.0.0 closing connection s13-20020a170902988d00b001cc8cf4ad14sm950566plp.142 - gsmtp<EOL>
23/11/11 16:38:46 ** Disconnected.
23/11/11 16:38:46 ** Disconnected.
23/11/11 16:38:46 ** Disconnected.
23/11/11 16:51:02 ** --- MESSAGE BEGIN ---
23/11/11 16:51:02 ** To: danima5689dm@gmail.com
23/11/11 16:51:02 ** Subject: Simple Email Testing via PHP
23/11/11 16:51:02 ** From: sender\'s email
23/11/11 16:51:02 ** 
23/11/11 16:51:02 ** ok 
23/11/11 16:51:02 ** --- MESSAGE END ---
23/11/11 16:51:02 ** Connecting to smtp.gmail.com:587
23/11/11 16:51:02 ** Connected.
23/11/11 16:51:02 << 220 smtp.gmail.com ESMTP g4-20020a170902740400b001bda42a216bsm971381pll.100 - gsmtp<EOL>
23/11/11 16:51:02 >> EHLO LAPTOP-62ECG3K6<EOL>
23/11/11 16:51:03 << 250-smtp.gmail.com at your service, [27.131.1.8]<EOL>250-SIZE 35882577<EOL>250-8BITMIME<EOL>250-STARTTLS<EOL>250-ENHANCEDSTATUSCODES<EOL>250-PIPELINING<EOL>250-CHUNKING<EOL>250 SMTPUTF8<EOL>
23/11/11 16:51:03 ** Authenticating as danima5689dm@gmail.com
23/11/11 16:51:03 >> STARTTLS<EOL>
23/11/11 16:51:03 << 220 2.0.0 Ready to start TLS<EOL>
23/11/11 16:51:03 >> EHLO LAPTOP-62ECG3K6<EOL>
23/11/11 16:51:03 << 250-smtp.gmail.com at your service, [27.131.1.8]<EOL>250-SIZE 35882577<EOL>250-8BITMIME<EOL>250-AUTH LOGIN PLAIN XOAUTH2 PLAIN-CLIENTTOKEN OAUTHBEARER XOAUTH<EOL>250-ENHANCEDSTATUSCODES<EOL>250-PIPELINING<EOL>250-CHUNKING<EOL>250 SMTPUTF8<EOL>
23/11/11 16:51:03 >> AUTH LOGIN<EOL>
23/11/11 16:51:03 << 334 VXNlcm5hbWU6<EOL>
23/11/11 16:51:03 >> ZGFuaW1hNTY4OWRtQGdtYWlsLmNvbQ==<EOL>
23/11/11 16:51:04 << 334 UGFzc3dvcmQ6<EOL>
23/11/11 16:51:04 >> dnZnZXZ5cnJodmhzcnFlcg==<EOL>
23/11/11 16:51:04 << 235 2.7.0 Accepted<EOL>
23/11/11 16:51:04 >> MAIL FROM: <danima5689dm@gmail.com><EOL>
23/11/11 16:51:04 << 250 2.1.0 OK g4-20020a170902740400b001bda42a216bsm971381pll.100 - gsmtp<EOL>
23/11/11 16:51:04 >> RCPT TO: <danima5689dm@gmail.com><EOL>
23/11/11 16:51:05 << 250 2.1.5 OK g4-20020a170902740400b001bda42a216bsm971381pll.100 - gsmtp<EOL>
23/11/11 16:51:05 >> DATA<EOL>
23/11/11 16:51:05 << 354  Go ahead g4-20020a170902740400b001bda42a216bsm971381pll.100 - gsmtp<EOL>
23/11/11 16:51:05 >> Date: Sat, 11 Nov 2023 16:51:05 +0700<EOL>
23/11/11 16:51:05 >> To: danima5689dm@gmail.com<EOL>
23/11/11 16:51:05 >> Subject: Simple Email Testing via PHP<EOL>
23/11/11 16:51:05 >> From: sender\'s email<EOL>
23/11/11 16:51:05 >> <EOL>
23/11/11 16:51:05 >> ok <EOL>
23/11/11 16:51:05 >> .<EOL>
23/11/11 16:51:06 << 250 2.0.0 OK  1699696245 g4-20020a170902740400b001bda42a216bsm971381pll.100 - gsmtp<EOL>
23/11/11 16:51:06 >> QUIT<EOL>
23/11/11 16:51:06 << 221 2.0.0 closing connection g4-20020a170902740400b001bda42a216bsm971381pll.100 - gsmtp<EOL>
23/11/11 16:51:06 ** Disconnected.
23/11/11 16:51:06 ** Disconnected.
23/11/11 16:51:06 ** Disconnected.
23/11/11 16:54:17 ** --- MESSAGE BEGIN ---
23/11/11 16:54:17 ** To: danima5689dm@gmail.com
23/11/11 16:54:17 ** Subject: Simple Email Testing via PHP
23/11/11 16:54:17 ** From: sender\'s email
23/11/11 16:54:17 ** 
23/11/11 16:54:17 ** ok 
23/11/11 16:54:17 ** --- MESSAGE END ---
23/11/11 16:54:18 ** Connecting to smtp.gmail.com:587
23/11/11 16:54:18 ** Connected.
23/11/11 16:54:18 << 220 smtp.gmail.com ESMTP n5-20020a170902e54500b001c9bc811d59sm963933plf.307 - gsmtp<EOL>
23/11/11 16:54:18 >> EHLO LAPTOP-62ECG3K6<EOL>
23/11/11 16:54:18 << 250-smtp.gmail.com at your service, [27.131.1.8]<EOL>250-SIZE 35882577<EOL>250-8BITMIME<EOL>250-STARTTLS<EOL>250-ENHANCEDSTATUSCODES<EOL>250-PIPELINING<EOL>250-CHUNKING<EOL>250 SMTPUTF8<EOL>
23/11/11 16:54:18 ** Authenticating as danima5689dm@gmail.com
23/11/11 16:54:18 >> STARTTLS<EOL>
23/11/11 16:54:19 << 220 2.0.0 Ready to start TLS<EOL>
23/11/11 16:54:19 >> EHLO LAPTOP-62ECG3K6<EOL>
23/11/11 16:54:19 << 250-smtp.gmail.com at your service, [27.131.1.8]<EOL>250-SIZE 35882577<EOL>250-8BITMIME<EOL>250-AUTH LOGIN PLAIN XOAUTH2 PLAIN-CLIENTTOKEN OAUTHBEARER XOAUTH<EOL>250-ENHANCEDSTATUSCODES<EOL>250-PIPELINING<EOL>250-CHUNKING<EOL>250 SMTPUTF8<EOL>
23/11/11 16:54:19 >> AUTH LOGIN<EOL>
23/11/11 16:54:19 << 334 VXNlcm5hbWU6<EOL>
23/11/11 16:54:19 >> ZGFuaW1hNTY4OWRtQGdtYWlsLmNvbQ==<EOL>
23/11/11 16:54:19 << 334 UGFzc3dvcmQ6<EOL>
23/11/11 16:54:19 >> dnZnZXZ5cnJodmhzcnFlcg==<EOL>
23/11/11 16:54:20 << 235 2.7.0 Accepted<EOL>
23/11/11 16:54:20 >> MAIL FROM: <danima5689dm@gmail.com><EOL>
23/11/11 16:54:20 << 250 2.1.0 OK n5-20020a170902e54500b001c9bc811d59sm963933plf.307 - gsmtp<EOL>
23/11/11 16:54:20 >> RCPT TO: <danima5689dm@gmail.com><EOL>
23/11/11 16:54:20 << 250 2.1.5 OK n5-20020a170902e54500b001c9bc811d59sm963933plf.307 - gsmtp<EOL>
23/11/11 16:54:20 >> DATA<EOL>
23/11/11 16:54:21 << 354  Go ahead n5-20020a170902e54500b001c9bc811d59sm963933plf.307 - gsmtp<EOL>
23/11/11 16:54:21 >> Date: Sat, 11 Nov 2023 16:54:21 +0700<EOL>
23/11/11 16:54:21 >> To: danima5689dm@gmail.com<EOL>
23/11/11 16:54:21 >> Subject: Simple Email Testing via PHP<EOL>
23/11/11 16:54:21 >> From: sender\'s email<EOL>
23/11/11 16:54:21 >> <EOL>
23/11/11 16:54:21 >> ok <EOL>
23/11/11 16:54:21 >> .<EOL>
23/11/11 16:54:21 << 250 2.0.0 OK  1699696441 n5-20020a170902e54500b001c9bc811d59sm963933plf.307 - gsmtp<EOL>
23/11/11 16:54:21 >> QUIT<EOL>
23/11/11 16:54:22 << 221 2.0.0 closing connection n5-20020a170902e54500b001c9bc811d59sm963933plf.307 - gsmtp<EOL>
23/11/11 16:54:22 ** Disconnected.
23/11/11 16:54:22 ** Disconnected.
23/11/11 16:54:22 ** Disconnected.
23/11/11 17:12:39 ** --- MESSAGE BEGIN ---
23/11/11 17:12:39 ** To: danima5689dm@gmail.com
23/11/11 17:12:39 ** Subject: Simple Email Testing via PHP
23/11/11 17:12:39 ** From: sender\'s email
23/11/11 17:12:39 ** 
23/11/11 17:12:39 ** ok 
23/11/11 17:12:39 ** --- MESSAGE END ---
23/11/11 17:12:40 ** Connecting to smtp.gmail.com:587
23/11/11 17:12:40 ** Connected.
23/11/11 17:12:40 << 220 smtp.gmail.com ESMTP c13-20020aa7880d000000b006c60bfb0904sm748940pfo.124 - gsmtp<EOL>
23/11/11 17:12:40 >> EHLO LAPTOP-62ECG3K6<EOL>
23/11/11 17:12:41 << 250-smtp.gmail.com at your service, [27.131.1.8]<EOL>250-SIZE 35882577<EOL>250-8BITMIME<EOL>250-STARTTLS<EOL>250-ENHANCEDSTATUSCODES<EOL>250-PIPELINING<EOL>250-CHUNKING<EOL>250 SMTPUTF8<EOL>
23/11/11 17:12:41 ** Authenticating as danima5689dm@gmail.com
23/11/11 17:12:41 >> STARTTLS<EOL>
23/11/11 17:12:41 << 220 2.0.0 Ready to start TLS<EOL>
23/11/11 17:12:41 >> EHLO LAPTOP-62ECG3K6<EOL>
23/11/11 17:12:41 << 250-smtp.gmail.com at your service, [27.131.1.8]<EOL>250-SIZE 35882577<EOL>250-8BITMIME<EOL>250-AUTH LOGIN PLAIN XOAUTH2 PLAIN-CLIENTTOKEN OAUTHBEARER XOAUTH<EOL>250-ENHANCEDSTATUSCODES<EOL>250-PIPELINING<EOL>250-CHUNKING<EOL>250 SMTPUTF8<EOL>
23/11/11 17:12:41 >> AUTH LOGIN<EOL>
23/11/11 17:12:41 << 334 VXNlcm5hbWU6<EOL>
23/11/11 17:12:41 >> ZGFuaW1hNTY4OWRtQGdtYWlsLmNvbQ==<EOL>
23/11/11 17:12:41 << 334 UGFzc3dvcmQ6<EOL>
23/11/11 17:12:41 >> dnZnZXZ5cnJodmhzcnFlcg==<EOL>
23/11/11 17:12:42 << 235 2.7.0 Accepted<EOL>
23/11/11 17:12:42 >> MAIL FROM: <danima5689dm@gmail.com><EOL>
23/11/11 17:12:42 << 250 2.1.0 OK c13-20020aa7880d000000b006c60bfb0904sm748940pfo.124 - gsmtp<EOL>
23/11/11 17:12:42 >> RCPT TO: <danima5689dm@gmail.com><EOL>
23/11/11 17:12:42 << 250 2.1.5 OK c13-20020aa7880d000000b006c60bfb0904sm748940pfo.124 - gsmtp<EOL>
23/11/11 17:12:42 >> DATA<EOL>
23/11/11 17:12:43 << 354  Go ahead c13-20020aa7880d000000b006c60bfb0904sm748940pfo.124 - gsmtp<EOL>
23/11/11 17:12:43 >> Date: Sat, 11 Nov 2023 17:12:43 +0700<EOL>
23/11/11 17:12:43 >> To: danima5689dm@gmail.com<EOL>
23/11/11 17:12:43 >> Subject: Simple Email Testing via PHP<EOL>
23/11/11 17:12:43 >> From: sender\'s email<EOL>
23/11/11 17:12:43 >> <EOL>
23/11/11 17:12:43 >> ok <EOL>
23/11/11 17:12:43 >> .<EOL>
23/11/11 17:12:43 << 250 2.0.0 OK  1699697543 c13-20020aa7880d000000b006c60bfb0904sm748940pfo.124 - gsmtp<EOL>
23/11/11 17:12:43 >> QUIT<EOL>
23/11/11 17:12:44 << 221 2.0.0 closing connection c13-20020aa7880d000000b006c60bfb0904sm748940pfo.124 - gsmtp<EOL>
23/11/11 17:12:44 ** Disconnected.
23/11/11 17:12:44 ** Disconnected.
23/11/11 17:12:44 ** Disconnected.
23/11/11 18:10:52 ** --- MESSAGE BEGIN ---
23/11/11 18:10:52 ** To: danima5689dm@gmail.com
23/11/11 18:10:52 ** Subject: Simple Email Testing via PHP
23/11/11 18:10:52 ** From: sender\'s email
23/11/11 18:10:52 ** 
23/11/11 18:10:52 ** ok 
23/11/11 18:10:52 ** --- MESSAGE END ---
23/11/11 18:10:53 ** Connecting to smtp.gmail.com:587
23/11/11 18:10:53 ** Connected.
23/11/11 18:10:53 << 220 smtp.gmail.com ESMTP u18-20020a170902e5d200b001c62d63b817sm1092943plf.179 - gsmtp<EOL>
23/11/11 18:10:53 >> EHLO LAPTOP-62ECG3K6<EOL>
23/11/11 18:10:53 << 250-smtp.gmail.com at your service, [27.131.1.8]<EOL>250-SIZE 35882577<EOL>250-8BITMIME<EOL>250-STARTTLS<EOL>250-ENHANCEDSTATUSCODES<EOL>250-PIPELINING<EOL>250-CHUNKING<EOL>250 SMTPUTF8<EOL>
23/11/11 18:10:53 ** Authenticating as danima5689dm@gmail.com
23/11/11 18:10:53 >> STARTTLS<EOL>
23/11/11 18:10:54 << 220 2.0.0 Ready to start TLS<EOL>
23/11/11 18:10:54 >> EHLO LAPTOP-62ECG3K6<EOL>
23/11/11 18:10:54 << 250-smtp.gmail.com at your service, [27.131.1.8]<EOL>250-SIZE 35882577<EOL>250-8BITMIME<EOL>250-AUTH LOGIN PLAIN XOAUTH2 PLAIN-CLIENTTOKEN OAUTHBEARER XOAUTH<EOL>250-ENHANCEDSTATUSCODES<EOL>250-PIPELINING<EOL>250-CHUNKING<EOL>250 SMTPUTF8<EOL>
23/11/11 18:10:54 >> AUTH LOGIN<EOL>
23/11/11 18:10:54 << 334 VXNlcm5hbWU6<EOL>
23/11/11 18:10:54 >> ZGFuaW1hNTY4OWRtQGdtYWlsLmNvbQ==<EOL>
23/11/11 18:10:54 << 334 UGFzc3dvcmQ6<EOL>
23/11/11 18:10:54 >> dnZnZXZ5cnJodmhzcnFlcg==<EOL>
23/11/11 18:10:55 << 235 2.7.0 Accepted<EOL>
23/11/11 18:10:55 >> MAIL FROM: <danima5689dm@gmail.com><EOL>
23/11/11 18:10:55 << 250 2.1.0 OK u18-20020a170902e5d200b001c62d63b817sm1092943plf.179 - gsmtp<EOL>
23/11/11 18:10:55 >> RCPT TO: <danima5689dm@gmail.com><EOL>
23/11/11 18:10:55 << 250 2.1.5 OK u18-20020a170902e5d200b001c62d63b817sm1092943plf.179 - gsmtp<EOL>
23/11/11 18:10:55 >> DATA<EOL>
23/11/11 18:10:56 << 354  Go ahead u18-20020a170902e5d200b001c62d63b817sm1092943plf.179 - gsmtp<EOL>
23/11/11 18:10:56 >> Date: Sat, 11 Nov 2023 18:10:56 +0700<EOL>
23/11/11 18:10:56 >> To: danima5689dm@gmail.com<EOL>
23/11/11 18:10:56 >> Subject: Simple Email Testing via PHP<EOL>
23/11/11 18:10:56 >> From: sender\'s email<EOL>
23/11/11 18:10:56 >> <EOL>
23/11/11 18:10:56 >> ok <EOL>
23/11/11 18:10:56 >> .<EOL>
23/11/11 18:10:56 << 250 2.0.0 OK  1699701035 u18-20020a170902e5d200b001c62d63b817sm1092943plf.179 - gsmtp<EOL>
23/11/11 18:10:56 >> QUIT<EOL>
23/11/11 18:10:56 << 221 2.0.0 closing connection u18-20020a170902e5d200b001c62d63b817sm1092943plf.179 - gsmtp<EOL>
23/11/11 18:10:56 ** Disconnected.
23/11/11 18:10:56 ** Disconnected.
23/11/11 18:10:56 ** Disconnected.
23/11/11 18:25:56 ** --- MESSAGE BEGIN ---
23/11/11 18:25:56 ** To: danima5689dm@gmail.com
23/11/11 18:25:56 ** Subject: Simple Email Testing via PHP
23/11/11 18:25:56 ** From: sender\'s email
23/11/11 18:25:56 ** 
23/11/11 18:25:56 ** ok 
23/11/11 18:25:56 ** --- MESSAGE END ---
23/11/11 18:25:56 ** Connecting to smtp.gmail.com:587
23/11/11 18:25:57 ** Connected.
23/11/11 18:25:57 << 220 smtp.gmail.com ESMTP im22-20020a170902bb1600b001c613091aeasm1134035plb.297 - gsmtp<EOL>
23/11/11 18:25:57 >> EHLO LAPTOP-62ECG3K6<EOL>
23/11/11 18:25:57 << 250-smtp.gmail.com at your service, [27.131.1.8]<EOL>250-SIZE 35882577<EOL>250-8BITMIME<EOL>250-STARTTLS<EOL>250-ENHANCEDSTATUSCODES<EOL>250-PIPELINING<EOL>250-CHUNKING<EOL>250 SMTPUTF8<EOL>
23/11/11 18:25:57 ** Authenticating as danima5689dm@gmail.com
23/11/11 18:25:57 >> STARTTLS<EOL>
23/11/11 18:25:57 << 220 2.0.0 Ready to start TLS<EOL>
23/11/11 18:25:57 >> EHLO LAPTOP-62ECG3K6<EOL>
23/11/11 18:25:57 << 250-smtp.gmail.com at your service, [27.131.1.8]<EOL>250-SIZE 35882577<EOL>250-8BITMIME<EOL>250-AUTH LOGIN PLAIN XOAUTH2 PLAIN-CLIENTTOKEN OAUTHBEARER XOAUTH<EOL>250-ENHANCEDSTATUSCODES<EOL>250-PIPELINING<EOL>250-CHUNKING<EOL>250 SMTPUTF8<EOL>
23/11/11 18:25:57 >> AUTH LOGIN<EOL>
23/11/11 18:25:58 << 334 VXNlcm5hbWU6<EOL>
23/11/11 18:25:58 >> ZGFuaW1hNTY4OWRtQGdtYWlsLmNvbQ==<EOL>
23/11/11 18:25:58 << 334 UGFzc3dvcmQ6<EOL>
23/11/11 18:25:58 >> dnZnZXZ5cnJodmhzcnFlcg==<EOL>
23/11/11 18:25:58 << 235 2.7.0 Accepted<EOL>
23/11/11 18:25:58 >> MAIL FROM: <danima5689dm@gmail.com><EOL>
23/11/11 18:25:58 << 250 2.1.0 OK im22-20020a170902bb1600b001c613091aeasm1134035plb.297 - gsmtp<EOL>
23/11/11 18:25:58 >> RCPT TO: <danima5689dm@gmail.com><EOL>
23/11/11 18:25:59 << 250 2.1.5 OK im22-20020a170902bb1600b001c613091aeasm1134035plb.297 - gsmtp<EOL>
23/11/11 18:25:59 >> DATA<EOL>
23/11/11 18:25:59 << 354  Go ahead im22-20020a170902bb1600b001c613091aeasm1134035plb.297 - gsmtp<EOL>
23/11/11 18:25:59 >> Date: Sat, 11 Nov 2023 18:25:59 +0700<EOL>
23/11/11 18:25:59 >> To: danima5689dm@gmail.com<EOL>
23/11/11 18:25:59 >> Subject: Simple Email Testing via PHP<EOL>
23/11/11 18:25:59 >> From: sender\'s email<EOL>
23/11/11 18:25:59 >> <EOL>
23/11/11 18:25:59 >> ok <EOL>
23/11/11 18:25:59 >> .<EOL>
23/11/11 18:26:00 << 250 2.0.0 OK  1699701939 im22-20020a170902bb1600b001c613091aeasm1134035plb.297 - gsmtp<EOL>
23/11/11 18:26:00 >> QUIT<EOL>
23/11/11 18:26:00 << 221 2.0.0 closing connection im22-20020a170902bb1600b001c613091aeasm1134035plb.297 - gsmtp<EOL>
23/11/11 18:26:00 ** Disconnected.
23/11/11 18:26:00 ** Disconnected.
23/11/11 18:26:00 ** Disconnected.
23/11/11 18:29:46 ** --- MESSAGE BEGIN ---
23/11/11 18:29:46 ** To: danima5689dm@gmail.com
23/11/11 18:29:46 ** Subject: Simple Email Testing via PHP
23/11/11 18:29:46 ** From: sender\'s email
23/11/11 18:29:46 ** 
23/11/11 18:29:46 ** ok 
23/11/11 18:29:46 ** --- MESSAGE END ---
23/11/11 18:29:47 ** Connecting to smtp.gmail.com:587
23/11/11 18:29:47 ** Connected.
23/11/11 18:29:47 << 220 smtp.gmail.com ESMTP c14-20020a65618e000000b005bd36c0c23fsm990188pgv.37 - gsmtp<EOL>
23/11/11 18:29:47 >> EHLO LAPTOP-62ECG3K6<EOL>
23/11/11 18:29:47 << 250-smtp.gmail.com at your service, [27.131.1.8]<EOL>250-SIZE 35882577<EOL>250-8BITMIME<EOL>250-STARTTLS<EOL>250-ENHANCEDSTATUSCODES<EOL>250-PIPELINING<EOL>250-CHUNKING<EOL>250 SMTPUTF8<EOL>
23/11/11 18:29:47 ** Authenticating as danima5689dm@gmail.com
23/11/11 18:29:47 >> STARTTLS<EOL>
23/11/11 18:29:47 << 220 2.0.0 Ready to start TLS<EOL>
23/11/11 18:29:47 >> EHLO LAPTOP-62ECG3K6<EOL>
23/11/11 18:29:48 << 250-smtp.gmail.com at your service, [27.131.1.8]<EOL>250-SIZE 35882577<EOL>250-8BITMIME<EOL>250-AUTH LOGIN PLAIN XOAUTH2 PLAIN-CLIENTTOKEN OAUTHBEARER XOAUTH<EOL>250-ENHANCEDSTATUSCODES<EOL>250-PIPELINING<EOL>250-CHUNKING<EOL>250 SMTPUTF8<EOL>
23/11/11 18:29:48 >> AUTH LOGIN<EOL>
23/11/11 18:29:48 << 334 VXNlcm5hbWU6<EOL>
23/11/11 18:29:48 >> ZGFuaW1hNTY4OWRtQGdtYWlsLmNvbQ==<EOL>
23/11/11 18:29:48 << 334 UGFzc3dvcmQ6<EOL>
23/11/11 18:29:48 >> dnZnZXZ5cnJodmhzcnFlcg==<EOL>
23/11/11 18:29:48 << 235 2.7.0 Accepted<EOL>
23/11/11 18:29:48 >> MAIL FROM: <danima5689dm@gmail.com><EOL>
23/11/11 18:29:49 << 250 2.1.0 OK c14-20020a65618e000000b005bd36c0c23fsm990188pgv.37 - gsmtp<EOL>
23/11/11 18:29:49 >> RCPT TO: <danima5689dm@gmail.com><EOL>
23/11/11 18:29:49 << 250 2.1.5 OK c14-20020a65618e000000b005bd36c0c23fsm990188pgv.37 - gsmtp<EOL>
23/11/11 18:29:49 >> DATA<EOL>
23/11/11 18:29:49 << 354  Go ahead c14-20020a65618e000000b005bd36c0c23fsm990188pgv.37 - gsmtp<EOL>
23/11/11 18:29:49 >> Date: Sat, 11 Nov 2023 18:29:49 +0700<EOL>
23/11/11 18:29:49 >> To: danima5689dm@gmail.com<EOL>
23/11/11 18:29:49 >> Subject: Simple Email Testing via PHP<EOL>
23/11/11 18:29:49 >> From: sender\'s email<EOL>
23/11/11 18:29:49 >> <EOL>
23/11/11 18:29:49 >> ok <EOL>
23/11/11 18:29:49 >> .<EOL>
23/11/11 18:29:50 << 250 2.0.0 OK  1699702169 c14-20020a65618e000000b005bd36c0c23fsm990188pgv.37 - gsmtp<EOL>
23/11/11 18:29:50 >> QUIT<EOL>
23/11/11 18:29:50 << 221 2.0.0 closing connection c14-20020a65618e000000b005bd36c0c23fsm990188pgv.37 - gsmtp<EOL>
23/11/11 18:29:50 ** Disconnected.
23/11/11 18:29:50 ** Disconnected.
23/11/11 18:29:50 ** Disconnected.
23/11/11 18:30:56 ** --- MESSAGE BEGIN ---
23/11/11 18:30:56 ** To: danima5689dm@gmail.com
23/11/11 18:30:56 ** Subject: Simple Email Testing via PHP
23/11/11 18:30:56 ** From: sender\'s email
23/11/11 18:30:56 ** 
23/11/11 18:30:56 ** ok 
23/11/11 18:30:56 ** --- MESSAGE END ---
23/11/11 18:30:56 ** Connecting to smtp.gmail.com:587
23/11/11 18:30:56 ** Connected.
23/11/11 18:30:56 << 220 smtp.gmail.com ESMTP j191-20020a6380c8000000b00578b8fab907sm1157546pgd.73 - gsmtp<EOL>
23/11/11 18:30:56 >> EHLO LAPTOP-62ECG3K6<EOL>
23/11/11 18:30:56 << 250-smtp.gmail.com at your service, [27.131.1.8]<EOL>250-SIZE 35882577<EOL>250-8BITMIME<EOL>250-STARTTLS<EOL>250-ENHANCEDSTATUSCODES<EOL>250-PIPELINING<EOL>250-CHUNKING<EOL>250 SMTPUTF8<EOL>
23/11/11 18:30:56 ** Authenticating as danima5689dm@gmail.com
23/11/11 18:30:56 >> STARTTLS<EOL>
23/11/11 18:30:57 << 220 2.0.0 Ready to start TLS<EOL>
23/11/11 18:30:57 >> EHLO LAPTOP-62ECG3K6<EOL>
23/11/11 18:30:57 << 250-smtp.gmail.com at your service, [27.131.1.8]<EOL>250-SIZE 35882577<EOL>250-8BITMIME<EOL>250-AUTH LOGIN PLAIN XOAUTH2 PLAIN-CLIENTTOKEN OAUTHBEARER XOAUTH<EOL>250-ENHANCEDSTATUSCODES<EOL>250-PIPELINING<EOL>250-CHUNKING<EOL>250 SMTPUTF8<EOL>
23/11/11 18:30:57 >> AUTH LOGIN<EOL>
23/11/11 18:30:57 << 334 VXNlcm5hbWU6<EOL>
23/11/11 18:30:57 >> ZGFuaW1hNTY4OWRtQGdtYWlsLmNvbQ==<EOL>
23/11/11 18:30:57 << 334 UGFzc3dvcmQ6<EOL>
23/11/11 18:30:57 >> dnZnZXZ5cnJodmhzcnFlcg==<EOL>
23/11/11 18:30:58 << 235 2.7.0 Accepted<EOL>
23/11/11 18:30:58 >> MAIL FROM: <danima5689dm@gmail.com><EOL>
23/11/11 18:30:58 << 250 2.1.0 OK j191-20020a6380c8000000b00578b8fab907sm1157546pgd.73 - gsmtp<EOL>
23/11/11 18:30:58 >> RCPT TO: <danima5689dm@gmail.com><EOL>
23/11/11 18:30:58 << 250 2.1.5 OK j191-20020a6380c8000000b00578b8fab907sm1157546pgd.73 - gsmtp<EOL>
23/11/11 18:30:58 >> DATA<EOL>
23/11/11 18:30:58 << 354  Go ahead j191-20020a6380c8000000b00578b8fab907sm1157546pgd.73 - gsmtp<EOL>
23/11/11 18:30:58 >> Date: Sat, 11 Nov 2023 18:30:58 +0700<EOL>
23/11/11 18:30:58 >> To: danima5689dm@gmail.com<EOL>
23/11/11 18:30:58 >> Subject: Simple Email Testing via PHP<EOL>
23/11/11 18:30:58 >> From: sender\'s email<EOL>
23/11/11 18:30:58 >> <EOL>
23/11/11 18:30:58 >> ok <EOL>
23/11/11 18:30:58 >> .<EOL>
23/11/11 18:30:59 << 250 2.0.0 OK  1699702238 j191-20020a6380c8000000b00578b8fab907sm1157546pgd.73 - gsmtp<EOL>
23/11/11 18:30:59 >> QUIT<EOL>
23/11/11 18:30:59 << 221 2.0.0 closing connection j191-20020a6380c8000000b00578b8fab907sm1157546pgd.73 - gsmtp<EOL>
23/11/11 18:30:59 ** Disconnected.
23/11/11 18:30:59 ** Disconnected.
23/11/11 18:30:59 ** Disconnected.
23/11/11 18:41:42 ** --- MESSAGE BEGIN ---
23/11/11 18:41:42 ** To: danima5689dm@gmail.com
23/11/11 18:41:42 ** Subject: Simple Email Testing via PHP
23/11/11 18:41:42 ** From: sender\'s email
23/11/11 18:41:42 ** 
23/11/11 18:41:42 ** ok 
23/11/11 18:41:42 ** --- MESSAGE END ---
23/11/11 18:41:42 ** Connecting to smtp.gmail.com:587
23/11/11 18:41:42 ** Connected.
23/11/11 18:41:43 << 220 smtp.gmail.com ESMTP 6-20020a170902c10600b001cc41059a11sm1134430pli.196 - gsmtp<EOL>
23/11/11 18:41:43 >> EHLO LAPTOP-62ECG3K6<EOL>
23/11/11 18:41:43 << 250-smtp.gmail.com at your service, [27.131.1.8]<EOL>250-SIZE 35882577<EOL>250-8BITMIME<EOL>250-STARTTLS<EOL>250-ENHANCEDSTATUSCODES<EOL>250-PIPELINING<EOL>250-CHUNKING<EOL>250 SMTPUTF8<EOL>
23/11/11 18:41:43 ** Authenticating as danima5689dm@gmail.com
23/11/11 18:41:43 >> STARTTLS<EOL>
23/11/11 18:41:43 << 220 2.0.0 Ready to start TLS<EOL>
23/11/11 18:41:43 >> EHLO LAPTOP-62ECG3K6<EOL>
23/11/11 18:41:43 << 250-smtp.gmail.com at your service, [27.131.1.8]<EOL>250-SIZE 35882577<EOL>250-8BITMIME<EOL>250-AUTH LOGIN PLAIN XOAUTH2 PLAIN-CLIENTTOKEN OAUTHBEARER XOAUTH<EOL>250-ENHANCEDSTATUSCODES<EOL>250-PIPELINING<EOL>250-CHUNKING<EOL>250 SMTPUTF8<EOL>
23/11/11 18:41:43 >> AUTH LOGIN<EOL>
23/11/11 18:41:43 << 334 VXNlcm5hbWU6<EOL>
23/11/11 18:41:43 >> ZGFuaW1hNTY4OWRtQGdtYWlsLmNvbQ==<EOL>
23/11/11 18:41:44 << 334 UGFzc3dvcmQ6<EOL>
23/11/11 18:41:44 >> dnZnZXZ5cnJodmhzcnFlcg==<EOL>
23/11/11 18:41:44 << 235 2.7.0 Accepted<EOL>
23/11/11 18:41:44 >> MAIL FROM: <danima5689dm@gmail.com><EOL>
23/11/11 18:41:44 << 250 2.1.0 OK 6-20020a170902c10600b001cc41059a11sm1134430pli.196 - gsmtp<EOL>
23/11/11 18:41:44 >> RCPT TO: <danima5689dm@gmail.com><EOL>
23/11/11 18:41:44 << 250 2.1.5 OK 6-20020a170902c10600b001cc41059a11sm1134430pli.196 - gsmtp<EOL>
23/11/11 18:41:44 >> DATA<EOL>
23/11/11 18:41:45 << 354  Go ahead 6-20020a170902c10600b001cc41059a11sm1134430pli.196 - gsmtp<EOL>
23/11/11 18:41:45 >> Date: Sat, 11 Nov 2023 18:41:45 +0700<EOL>
23/11/11 18:41:45 >> To: danima5689dm@gmail.com<EOL>
23/11/11 18:41:45 >> Subject: Simple Email Testing via PHP<EOL>
23/11/11 18:41:45 >> From: sender\'s email<EOL>
23/11/11 18:41:45 >> <EOL>
23/11/11 18:41:45 >> ok <EOL>
23/11/11 18:41:45 >> .<EOL>
23/11/11 18:41:45 << 250 2.0.0 OK  1699702885 6-20020a170902c10600b001cc41059a11sm1134430pli.196 - gsmtp<EOL>
23/11/11 18:41:45 >> QUIT<EOL>
23/11/11 18:41:46 << 221 2.0.0 closing connection 6-20020a170902c10600b001cc41059a11sm1134430pli.196 - gsmtp<EOL>
23/11/11 18:41:46 ** Disconnected.
23/11/11 18:41:46 ** Disconnected.
23/11/11 18:41:46 ** Disconnected.
23/11/11 18:42:35 ** --- MESSAGE BEGIN ---
23/11/11 18:42:35 ** To: danima5689dm@gmail.com
23/11/11 18:42:35 ** Subject: Simple Email Testing via PHP
23/11/11 18:42:35 ** From: sender\'s email
23/11/11 18:42:35 ** 
23/11/11 18:42:35 ** ok 
23/11/11 18:42:35 ** --- MESSAGE END ---
23/11/11 18:42:36 ** Connecting to smtp.gmail.com:587
23/11/11 18:42:36 ** Connected.
23/11/11 18:42:36 << 220 smtp.gmail.com ESMTP w23-20020a170902a71700b001bc676df6a9sm1129025plq.132 - gsmtp<EOL>
23/11/11 18:42:36 >> EHLO LAPTOP-62ECG3K6<EOL>
23/11/11 18:42:36 << 250-smtp.gmail.com at your service, [27.131.1.8]<EOL>250-SIZE 35882577<EOL>250-8BITMIME<EOL>250-STARTTLS<EOL>250-ENHANCEDSTATUSCODES<EOL>250-PIPELINING<EOL>250-CHUNKING<EOL>250 SMTPUTF8<EOL>
23/11/11 18:42:36 ** Authenticating as danima5689dm@gmail.com
23/11/11 18:42:36 >> STARTTLS<EOL>
23/11/11 18:42:36 << 220 2.0.0 Ready to start TLS<EOL>
23/11/11 18:42:36 >> EHLO LAPTOP-62ECG3K6<EOL>
23/11/11 18:42:36 << 250-smtp.gmail.com at your service, [27.131.1.8]<EOL>250-SIZE 35882577<EOL>250-8BITMIME<EOL>250-AUTH LOGIN PLAIN XOAUTH2 PLAIN-CLIENTTOKEN OAUTHBEARER XOAUTH<EOL>250-ENHANCEDSTATUSCODES<EOL>250-PIPELINING<EOL>250-CHUNKING<EOL>250 SMTPUTF8<EOL>
23/11/11 18:42:36 >> AUTH LOGIN<EOL>
23/11/11 18:42:37 << 334 VXNlcm5hbWU6<EOL>
23/11/11 18:42:37 >> ZGFuaW1hNTY4OWRtQGdtYWlsLmNvbQ==<EOL>
23/11/11 18:42:37 << 334 UGFzc3dvcmQ6<EOL>
23/11/11 18:42:37 >> dnZnZXZ5cnJodmhzcnFlcg==<EOL>
23/11/11 18:42:37 << 235 2.7.0 Accepted<EOL>
23/11/11 18:42:37 >> MAIL FROM: <danima5689dm@gmail.com><EOL>
23/11/11 18:42:37 << 250 2.1.0 OK w23-20020a170902a71700b001bc676df6a9sm1129025plq.132 - gsmtp<EOL>
23/11/11 18:42:37 >> RCPT TO: <danima5689dm@gmail.com><EOL>
23/11/11 18:42:38 << 250 2.1.5 OK w23-20020a170902a71700b001bc676df6a9sm1129025plq.132 - gsmtp<EOL>
23/11/11 18:42:38 >> DATA<EOL>
23/11/11 18:42:38 << 354  Go ahead w23-20020a170902a71700b001bc676df6a9sm1129025plq.132 - gsmtp<EOL>
23/11/11 18:42:38 >> Date: Sat, 11 Nov 2023 18:42:38 +0700<EOL>
23/11/11 18:42:38 >> To: danima5689dm@gmail.com<EOL>
23/11/11 18:42:38 >> Subject: Simple Email Testing via PHP<EOL>
23/11/11 18:42:38 >> From: sender\'s email<EOL>
23/11/11 18:42:38 >> <EOL>
23/11/11 18:42:38 >> ok <EOL>
23/11/11 18:42:38 >> .<EOL>
23/11/11 18:42:39 << 250 2.0.0 OK  1699702938 w23-20020a170902a71700b001bc676df6a9sm1129025plq.132 - gsmtp<EOL>
23/11/11 18:42:39 >> QUIT<EOL>
23/11/11 18:42:39 << 221 2.0.0 closing connection w23-20020a170902a71700b001bc676df6a9sm1129025plq.132 - gsmtp<EOL>
23/11/11 18:42:39 ** Disconnected.
23/11/11 18:42:39 ** Disconnected.
23/11/11 18:42:39 ** Disconnected.
23/11/11 18:45:59 ** --- MESSAGE BEGIN ---
23/11/11 18:45:59 ** To: danima5689dm@gmail.com
23/11/11 18:45:59 ** Subject: Simple Email Testing via PHP
23/11/11 18:45:59 ** From: sender\'s email
23/11/11 18:45:59 ** 
23/11/11 18:45:59 ** ok 
23/11/11 18:45:59 ** --- MESSAGE END ---
23/11/11 18:45:59 ** Connecting to smtp.gmail.com:587
23/11/11 18:45:59 ** Connected.
23/11/11 18:45:59 << 220 smtp.gmail.com ESMTP m4-20020a655644000000b005897bfc2ed3sm1003027pgs.93 - gsmtp<EOL>
23/11/11 18:45:59 >> EHLO LAPTOP-62ECG3K6<EOL>
23/11/11 18:45:59 << 250-smtp.gmail.com at your service, [27.131.1.8]<EOL>250-SIZE 35882577<EOL>250-8BITMIME<EOL>250-STARTTLS<EOL>250-ENHANCEDSTATUSCODES<EOL>250-PIPELINING<EOL>250-CHUNKING<EOL>250 SMTPUTF8<EOL>
23/11/11 18:45:59 ** Authenticating as danima5689dm@gmail.com
23/11/11 18:45:59 >> STARTTLS<EOL>
23/11/11 18:46:00 << 220 2.0.0 Ready to start TLS<EOL>
23/11/11 18:46:00 >> EHLO LAPTOP-62ECG3K6<EOL>
23/11/11 18:46:00 << 250-smtp.gmail.com at your service, [27.131.1.8]<EOL>250-SIZE 35882577<EOL>250-8BITMIME<EOL>250-AUTH LOGIN PLAIN XOAUTH2 PLAIN-CLIENTTOKEN OAUTHBEARER XOAUTH<EOL>250-ENHANCEDSTATUSCODES<EOL>250-PIPELINING<EOL>250-CHUNKING<EOL>250 SMTPUTF8<EOL>
23/11/11 18:46:00 >> AUTH LOGIN<EOL>
23/11/11 18:46:00 << 334 VXNlcm5hbWU6<EOL>
23/11/11 18:46:00 >> ZGFuaW1hNTY4OWRtQGdtYWlsLmNvbQ==<EOL>
23/11/11 18:46:00 << 334 UGFzc3dvcmQ6<EOL>
23/11/11 18:46:00 >> dnZnZXZ5cnJodmhzcnFlcg==<EOL>
23/11/11 18:46:01 << 235 2.7.0 Accepted<EOL>
23/11/11 18:46:01 >> MAIL FROM: <danima5689dm@gmail.com><EOL>
23/11/11 18:46:01 << 250 2.1.0 OK m4-20020a655644000000b005897bfc2ed3sm1003027pgs.93 - gsmtp<EOL>
23/11/11 18:46:01 >> RCPT TO: <danima5689dm@gmail.com><EOL>
23/11/11 18:46:01 << 250 2.1.5 OK m4-20020a655644000000b005897bfc2ed3sm1003027pgs.93 - gsmtp<EOL>
23/11/11 18:46:01 >> DATA<EOL>
23/11/11 18:46:01 << 354  Go ahead m4-20020a655644000000b005897bfc2ed3sm1003027pgs.93 - gsmtp<EOL>
23/11/11 18:46:01 >> Date: Sat, 11 Nov 2023 18:46:01 +0700<EOL>
23/11/11 18:46:01 >> To: danima5689dm@gmail.com<EOL>
23/11/11 18:46:01 >> Subject: Simple Email Testing via PHP<EOL>
23/11/11 18:46:01 >> From: sender\'s email<EOL>
23/11/11 18:46:01 >> <EOL>
23/11/11 18:46:01 >> ok <EOL>
23/11/11 18:46:01 >> .<EOL>
23/11/11 18:46:02 << 250 2.0.0 OK  1699703141 m4-20020a655644000000b005897bfc2ed3sm1003027pgs.93 - gsmtp<EOL>
23/11/11 18:46:02 >> QUIT<EOL>
23/11/11 18:46:02 << 221 2.0.0 closing connection m4-20020a655644000000b005897bfc2ed3sm1003027pgs.93 - gsmtp<EOL>
23/11/11 18:46:02 ** Disconnected.
23/11/11 18:46:02 ** Disconnected.
23/11/11 18:46:02 ** Disconnected.
23/11/11 18:47:35 ** --- MESSAGE BEGIN ---
23/11/11 18:47:35 ** To: danima5689dm@gmail.com
23/11/11 18:47:35 ** Subject: Simple Email Testing via PHP
23/11/11 18:47:35 ** From: sender\'s email
23/11/11 18:47:35 ** 
23/11/11 18:47:35 ** ok 
23/11/11 18:47:35 ** --- MESSAGE END ---
23/11/11 18:47:35 ** Connecting to smtp.gmail.com:587
23/11/11 18:47:35 ** Connected.
23/11/11 18:47:35 << 220 smtp.gmail.com ESMTP w7-20020a170902e88700b001acae9734c0sm1135272plg.266 - gsmtp<EOL>
23/11/11 18:47:35 >> EHLO LAPTOP-62ECG3K6<EOL>
23/11/11 18:47:36 << 250-smtp.gmail.com at your service, [27.131.1.8]<EOL>250-SIZE 35882577<EOL>250-8BITMIME<EOL>250-STARTTLS<EOL>250-ENHANCEDSTATUSCODES<EOL>250-PIPELINING<EOL>250-CHUNKING<EOL>250 SMTPUTF8<EOL>
23/11/11 18:47:36 ** Authenticating as danima5689dm@gmail.com
23/11/11 18:47:36 >> STARTTLS<EOL>
23/11/11 18:47:36 << 220 2.0.0 Ready to start TLS<EOL>
23/11/11 18:47:36 >> EHLO LAPTOP-62ECG3K6<EOL>
23/11/11 18:47:36 << 250-smtp.gmail.com at your service, [27.131.1.8]<EOL>250-SIZE 35882577<EOL>250-8BITMIME<EOL>250-AUTH LOGIN PLAIN XOAUTH2 PLAIN-CLIENTTOKEN OAUTHBEARER XOAUTH<EOL>250-ENHANCEDSTATUSCODES<EOL>250-PIPELINING<EOL>250-CHUNKING<EOL>250 SMTPUTF8<EOL>
23/11/11 18:47:36 >> AUTH LOGIN<EOL>
23/11/11 18:47:36 << 334 VXNlcm5hbWU6<EOL>
23/11/11 18:47:36 >> ZGFuaW1hNTY4OWRtQGdtYWlsLmNvbQ==<EOL>
23/11/11 18:47:36 << 334 UGFzc3dvcmQ6<EOL>
23/11/11 18:47:36 >> dnZnZXZ5cnJodmhzcnFlcg==<EOL>
23/11/11 18:47:37 << 235 2.7.0 Accepted<EOL>
23/11/11 18:47:37 >> MAIL FROM: <danima5689dm@gmail.com><EOL>
23/11/11 18:47:37 << 250 2.1.0 OK w7-20020a170902e88700b001acae9734c0sm1135272plg.266 - gsmtp<EOL>
23/11/11 18:47:37 >> RCPT TO: <danima5689dm@gmail.com><EOL>
23/11/11 18:47:37 << 250 2.1.5 OK w7-20020a170902e88700b001acae9734c0sm1135272plg.266 - gsmtp<EOL>
23/11/11 18:47:37 >> DATA<EOL>
23/11/11 18:47:38 << 354  Go ahead w7-20020a170902e88700b001acae9734c0sm1135272plg.266 - gsmtp<EOL>
23/11/11 18:47:38 >> Date: Sat, 11 Nov 2023 18:47:38 +0700<EOL>
23/11/11 18:47:38 >> To: danima5689dm@gmail.com<EOL>
23/11/11 18:47:38 >> Subject: Simple Email Testing via PHP<EOL>
23/11/11 18:47:38 >> From: sender\'s email<EOL>
23/11/11 18:47:38 >> <EOL>
23/11/11 18:47:38 >> ok <EOL>
23/11/11 18:47:38 >> .<EOL>
23/11/11 18:47:38 << 250 2.0.0 OK  1699703237 w7-20020a170902e88700b001acae9734c0sm1135272plg.266 - gsmtp<EOL>
23/11/11 18:47:38 >> QUIT<EOL>
23/11/11 18:47:38 << 221 2.0.0 closing connection w7-20020a170902e88700b001acae9734c0sm1135272plg.266 - gsmtp<EOL>
23/11/11 18:47:38 ** Disconnected.
23/11/11 18:47:38 ** Disconnected.
23/11/11 18:47:38 ** Disconnected.
